C51 COMPILER V9.54   DELAY                                                                 01/23/2019 16:32:41 PAGE 1   


C51 COMPILER V9.54, COMPILATION OF MODULE DELAY
OBJECT MODULE PLACED IN .\Output\delay.obj
COMPILER INVOKED BY: C:\Keil_v5\C51\BIN\C51.EXE std_Lib\delay.c OMF2 OPTIMIZE(9,SPEED) BROWSE INCDIR(.\Usr;.\Usr_lib;.\s
                    -td_Lib;.\dataTrans;.\Actuator;.\Sensor;.\hwDriver) DEBUG PRINT(.\Listings\delay.lst) OBJECT(.\Output\delay.obj)

line level    source

   1          
   2          /*---------------------------------------------------------------------*/
   3          /* --- STC MCU International Limited ----------------------------------*/
   4          /* --- STC 1T Series MCU Demo Programme -------------------------------*/
   5          /* --- Mobile: (86)13922805190 ----------------------------------------*/
   6          /* --- Fax: 86-0513-55012956,55012947,55012969 ------------------------*/
   7          /* --- Tel: 86-0513-55012928,55012929,55012966 ------------------------*/
   8          /* --- Web: www.GXWMCU.com --------------------------------------------*/
   9          /* --- QQ:  800003751 -------------------------------------------------*/
  10          /* 如果要在程序中使用此代码,请在程序中注明使用了宏晶科技的资料及程序   */
  11          /*---------------------------------------------------------------------*/
  12          
  13          
  14          /*************  功能说明        **************
  15          
  16          本文件为STC15xxx系列的延时程序,用户几乎可以不修改这个程序.
  17          
  18          ******************************************/
  19          
  20          #include        "delay.h"
  21          
  22          //========================================================================
  23          // 函数: void  delay_ms(unsigned char ms)
  24          // 描述: 延时函数。
  25          // 参数: ms,要延时的ms数, 这里只支持1~255ms. 自动适应主时钟.
  26          // 返回: none.
  27          // 版本: VER1.0
  28          // 日期: 2013-4-1
  29          // 备注: 
  30          //========================================================================
  31          void delay_ms(unsigned char ms)
  32          {
  33   1           unsigned int i;
  34   1               do{
  35   2                    i = MAIN_Fosc / 13000;
  36   2                        while(--i)    ;   //14T per loop
  37   2           }while(--ms);
  38   1      }
  39          
  40          void delayMs(unsigned int ms){
  41   1      
  42   1              while(-- ms)delay_ms(1);
  43   1      }
  44          
  45          void I2C_delay_us(u8 count){ //@24.000MHz
  46   1      
  47   1              u8 i;
  48   1      
  49   1              _nop_();
  50   1              _nop_();
  51   1              (count == 1)?(i = 3):(i = (6 * count) - 3);
  52   1              while (--i);
  53   1      }

C51 COMPILER V9.54   DELAY                                                                 01/23/2019 16:32:41 PAGE 2   


MODULE INFORMATION:   STATIC OVERLAYABLE
   CODE SIZE        =     57    ----
   CONSTANT SIZE    =   ----    ----
   XDATA SIZE       =   ----    ----
   PDATA SIZE       =   ----    ----
   DATA SIZE        =   ----    ----
   IDATA SIZE       =   ----    ----
   BIT SIZE         =   ----    ----
   EDATA SIZE       =   ----    ----
   HDATA SIZE       =   ----    ----
   XDATA CONST SIZE =   ----    ----
   FAR CONST SIZE   =   ----    ----
END OF MODULE INFORMATION.


C51 COMPILATION COMPLETE.  0 WARNING(S),  0 ERROR(S)
