C51 COMPILER V9.54   DEVLOPEDEBUG                                                          05/13/2019 08:24:10 PAGE 1   


C51 COMPILER V9.54, COMPILATION OF MODULE DEVLOPEDEBUG
OBJECT MODULE PLACED IN .\Output\devlopeDebug.obj
COMPILER INVOKED BY: C:\Keil_v5\C51\BIN\C51.EXE Usr\devlopeDebug.c OMF2 OPTIMIZE(9,SIZE) BROWSE INCDIR(.\Usr;.\Usr_lib;.
                    -\std_Lib;.\dataTrans;.\Actuator;.\Sensor;.\hwDriver) DEBUG PRINT(.\Listings\devlopeDebug.lst) OBJECT(.\Output\devlopeDeb
                    -ug.obj)

line level    source

   1          #include "devlopeDebug.h"
   2          
   3          #include "dataManage.h"
   4          #include "dataTrans.h"
   5          #include "Tips.h"
   6          
   7          #include "USART.h"
   8          
   9          #include "string.h"
  10          #include "stdio.h"
  11          
  12          extern uartTout_datsRcv xdata datsRcv_ZIGB;
  13          
  14          stt_debugInfoLog xdata dev_debugInfoLog = {0}; //用户debug数据缓存，一般用于中断内业务调试信息的输出
  15          
  16          void thread_devlopeDebug(void){
  17   1              
  18   1      //      counter_ifTipsFree = TIPS_SWFREELOOP_TIME; //流水灯强关
  19   1      
  20   1      #if(DEBUG_LOGOUT_EN == 1)                               
                      { //输出打印，谨记 用后注释，否则占用大量代码空间
                              
                              if(dev_debugInfoLog.debugInfoType != infoType_null){
                                      
                                      switch(dev_debugInfoLog.debugInfoType){ //根据打印类型执行打印
                                      
                                              case infoType_frameUart:{ //串口收发帧调试信息打印
                                              
                                                      if(dev_debugInfoLog.debugInfoData.frameInfo.frameIllegal_FLG){
                                                      
                                                              dev_debugInfoLog.debugInfoData.frameInfo.frameIllegal_FLG = 0;
                                                              
                                                              memset(log_buf, 0, LOGBUFF_LEN * sizeof(u8));
                                                              sprintf(log_buf, "F_head:%02X, A_Len(+5):%02X, R_Len:%02X, frame_P:%d.\n",      (int)datsRcv_ZIGB.rcvDat
             -s[0],
                                                                                                                                                                                                                      (int)dev_debugInfoLog.debugInfoData.frameInfo.frame_aLength,
                                                                                                                                                                                                                      (int)dev_debugInfoLog.debugInfoData.frameInfo.frame_rLength,
                                                                                                                                                                                                                      (int)dev_debugInfoLog.debugInfoData.frameInfo.frameParsing_NUM);
                                                              PrintString1_logOut(log_buf);
                                                      }
                                                      
                                              }break;
                                                      
                                              case infoType_delayUp:{ //延时业务调试信息打印
                                              
                                                      if(dev_debugInfoLog.debugInfoData.delayActInfo.delayAct_Up){
                                                      
                                                              dev_debugInfoLog.debugInfoData.delayActInfo.delayAct_Up = 0;
              
                                                              memset(log_buf, 0, LOGBUFF_LEN * sizeof(u8));
                                                              sprintf(log_buf, ">>>>>>>>delayAct opreation up.\n");
                                                              PrintString1_logOut(log_buf);                           
                                                      }
C51 COMPILER V9.54   DEVLOPEDEBUG                                                          05/13/2019 08:24:10 PAGE 2   

                                                      
                                              }break;
                                              
                                              case infoType_dimmerFreq:{ //窗帘类型开关业务调试信息打印
                                                      
                                                      memset(log_buf, 0, LOGBUFF_LEN * sizeof(u8));
                                                      sprintf(log_buf, ">>>>>>>>dimmer source beat:%dots.\n", (int)dev_debugInfoLog.debugInfoData.dimmerInf
             -o.soureFreq);
                                                      PrintString1_logOut(log_buf);   
                                              }
                                                      
                                              default:{}break;
                                      }
                                      
                                      dev_debugInfoLog.debugInfoType = infoType_null; //打印类型复位
                              }
                      }
              #endif  
  70   1      }


MODULE INFORMATION:   STATIC OVERLAYABLE
   CODE SIZE        =      1    ----
   CONSTANT SIZE    =   ----    ----
   XDATA SIZE       =      4    ----
   PDATA SIZE       =   ----    ----
   DATA SIZE        =   ----    ----
   IDATA SIZE       =   ----    ----
   BIT SIZE         =   ----    ----
   EDATA SIZE       =   ----    ----
   HDATA SIZE       =   ----    ----
   XDATA CONST SIZE =   ----    ----
   FAR CONST SIZE   =   ----    ----
END OF MODULE INFORMATION.


C51 COMPILATION COMPLETE.  0 WARNING(S),  0 ERROR(S)
