C51 COMPILER V9.54   TOUCHPAD                                                              09/30/2018 16:43:38 PAGE 1   


C51 COMPILER V9.54, COMPILATION OF MODULE TOUCHPAD
OBJECT MODULE PLACED IN .\Output\touchPad.obj
COMPILER INVOKED BY: C:\Keil_v5\C51\BIN\C51.EXE Actuator\touchPad.c OMF2 ROM(COMPACT) OPTIMIZE(8,SPEED) BROWSE INCDIR(.\
                    -Usr;.\Usr_lib;.\std_Lib;.\dataTrans;.\Actuator;.\Sensor;.\hwDriver) DEBUG PRINT(.\Listings\touchPad.lst) OBJECT(.\Output
                    -\touchPad.obj)

line level    source

   1          #include "touchPad.h"
   2          
   3          static bit touchPad_resetIF = 0;
   4          
   5          void touchPad_pinInit(void){
   6   1      
   7   1              ;
   8   1      }
   9          
  10          void touchPad_funSet(bit funLevel){
  11   1      
  12   1              touchPad_resetIF = funLevel;
  13   1      }
  14          
  15          void touchPad_processThread(void){
  16   1      
  17   1              (touchPad_resetIF)?(PIN_TOUCHPAD = 1):(PIN_TOUCHPAD = 0);
  18   1      }


MODULE INFORMATION:   STATIC OVERLAYABLE
   CODE SIZE        =     15    ----
   CONSTANT SIZE    =   ----    ----
   XDATA SIZE       =   ----    ----
   PDATA SIZE       =   ----    ----
   DATA SIZE        =   ----    ----
   IDATA SIZE       =   ----    ----
   BIT SIZE         =      1       1
   EDATA SIZE       =   ----    ----
   HDATA SIZE       =   ----    ----
   XDATA CONST SIZE =   ----    ----
   FAR CONST SIZE   =   ----    ----
END OF MODULE INFORMATION.


C51 COMPILATION COMPLETE.  0 WARNING(S),  0 ERROR(S)
