C51 COMPILER V9.54   USR_MAIN                                                              09/21/2018 11:10:00 PAGE 1   


C51 COMPILER V9.54, COMPILATION OF MODULE USR_MAIN
OBJECT MODULE PLACED IN .\Output\Usr_Main.obj
COMPILER INVOKED BY: C:\Keil_v5\C51\BIN\C51.EXE Usr\Usr_Main.c OMF2 ROM(COMPACT) OPTIMIZE(8,SPEED) BROWSE INCDIR(.\Usr;.
                    -\Usr_lib;.\std_Lib;.\dataTrans;.\Actuator;.\Sensor;.\hwDriver) DEBUG PRINT(.\Listings\Usr_Main.lst) OBJECT(.\Output\Usr_
                    -Main.obj)

line level    source

   1          #include "STC15Fxxxx.H"
   2          
   3          #include "dataTrans.h"
   4          #include "appTimer.h"
   5          #include "pars_Method.h"
   6          #include "dataManage.h"
   7          #include "Tips.h"
   8          #include "usrKin.h"
   9          #include "Relay.h"
  10          #include "timerAct.h"
  11          
  12          #include "USART.h"
  13          #include "delay.h"
  14          
  15          void bsp_Init(void){
  16   1      
  17   1              appTimer0_Init();
  18   1              zigbUart_pinInit();
  19   1              uartObjZigb_Init();
  20   1              tipLED_pinInit();
  21   1              usrKin_pinInit();
  22   1              relay_pinInit();
  23   1      }
  24          
  25          void bsp_datsReales(void){
  26   1      
  27   1              MAC_ID_Relaes();
  28   1              portCtrlEachOther_Reales();
  29   1              ledBKGColorSw_Reales();
  30   1              timeZone_Reales();
  31   1      }
  32          
  33          int main(void){
  34   1              
  35   1              bsp_Init();
  36   1              bsp_datsReales();
  37   1              birthDay_Judge();
  38   1              
  39   1      //      while(1)tips_warning();
  40   1              
  41   1              devStatus_switch.statusChange_standBy = status_nwkReconnect;
  42   1              devStatus_switch.statusChange_IF = 1;
  43   1              
  44   1      //      while(1)PIN_RELAY_1 = touchPad_1;
  45   1              
  46   1              while(1){
  47   2                      
  48   2                      touchPad_Scan();
  49   2                      UsrKEYScan(usrKeyFun_zigbNwkRejoin, fun_Test, fun_Test);
  50   2                      DcodeScan();
  51   2                      
  52   2                      thread_Timing();
  53   2                      
C51 COMPILER V9.54   USR_MAIN                                                              09/21/2018 11:10:00 PAGE 2   

  54   2                      thread_Relay();
  55   2                      
  56   2                      thread_dataTrans();
  57   2                      
  58   2                      thread_Tips();
  59   2                      
  60   2                      P36 = 0;
  61   2              }
  62   1              
  63   1              return 0;
  64   1      }
*** WARNING C294 IN LINE 63 OF Usr\Usr_Main.c: unreachable code


MODULE INFORMATION:   STATIC OVERLAYABLE
   CODE SIZE        =    101    ----
   CONSTANT SIZE    =   ----    ----
   XDATA SIZE       =   ----    ----
   PDATA SIZE       =   ----    ----
   DATA SIZE        =   ----    ----
   IDATA SIZE       =   ----    ----
   BIT SIZE         =   ----    ----
   EDATA SIZE       =   ----    ----
   HDATA SIZE       =   ----    ----
   XDATA CONST SIZE =   ----    ----
   FAR CONST SIZE   =   ----    ----
END OF MODULE INFORMATION.


C51 COMPILATION COMPLETE.  1 WARNING(S),  0 ERROR(S)
